2025-08-28 15:31:14,330 INFO: Serving on http://0.0.0.0:5000
2025-08-28 15:31:17,721 WARNING: Task queue depth is 1
2025-08-28 15:31:17,721 WARNING: Task queue depth is 2
2025-08-28 15:31:17,721 WARNING: Task queue depth is 3
2025-08-28 15:31:17,721 WARNING: Task queue depth is 4
2025-08-28 15:31:17,774 ERROR: Flask route error:
Traceback (most recent call last):
  File "C:\Users\mathi\AppData\Roaming\Python\Python312\site-packages\flask\app.py", line 917, in full_dispatch_request
    rv = self.dispatch_request()
         ^^^^^^^^^^^^^^^^^^^^^^^
  File "C:\Users\mathi\AppData\Roaming\Python\Python312\site-packages\flask\app.py", line 891, in dispatch_request
    self.raise_routing_exception(req)
  File "C:\Users\mathi\AppData\Roaming\Python\Python312\site-packages\flask\app.py", line 500, in raise_routing_exception
    raise request.routing_exception  # type: ignore[misc]
    ^^^^^^^^^^^^^^^^^^^^^^^^^^^^^^^
  File "C:\Users\mathi\AppData\Roaming\Python\Python312\site-packages\flask\ctx.py", line 362, in match_request
    result = self.url_adapter.match(return_rule=True)  # type: ignore
             ^^^^^^^^^^^^^^^^^^^^^^^^^^^^^^^^^^^^^^^^
  File "C:\Users\mathi\AppData\Roaming\Python\Python312\site-packages\werkzeug\routing\map.py", line 629, in match
    raise NotFound() from None
werkzeug.exceptions.NotFound: 404 Not Found: The requested URL was not found on the server. If you entered the URL manually please check your spelling and try again.
